<?xml version="1.0" encoding="UTF-8"?>
<!-- Generated by org.testng.reporters.JUnitXMLReporter -->
<testsuite hostname="DESKTOP-GGT5FFC" ignored="12" name="Default test" tests="1" failures="1" timestamp="01 Oct 2018 21:23:45 GMT" time="14.341" errors="0">
  <testcase name="quickStartWithUpsTest" time="0.22" classname="com.bdtech.upstests.HomePageTest">
    <failure type="org.openqa.selenium.ElementClickInterceptedException" message="Element &amp;lt;a href=&amp;quot;/us/en/help-center/get-started-with-ups.page&amp;quot;&amp;gt; is not clickable at point (189.78333282470703,208.5500030517578) because another element &amp;lt;div id=&amp;quot;uz_bg&amp;quot; class=&amp;quot;uz_bg_transparent&amp;quot;&amp;gt; obscures it
Build info: version: &amp;apos;3.7.1&amp;apos;, revision: &amp;apos;8a0099a&amp;apos;, time: &amp;apos;2017-11-06T21:01:39.354Z&amp;apos;
System info: host: &amp;apos;DESKTOP-GGT5FFC&amp;apos;, ip: &amp;apos;192.168.0.3&amp;apos;, os.name: &amp;apos;Windows 10&amp;apos;, os.arch: &amp;apos;amd64&amp;apos;, os.version: &amp;apos;10.0&amp;apos;, java.version: &amp;apos;1.8.0_181&amp;apos;
Driver info: org.openqa.selenium.firefox.FirefoxDriver
Capabilities {acceptInsecureCerts: true, browserName: firefox, browserVersion: 62.0.2, javascriptEnabled: true, moz:accessibilityChecks: false, moz:headless: false, moz:processID: 1852, moz:profile: C:\Users\alokb\AppData\Loca..., moz:useNonSpecCompliantPointerOrigin: false, moz:webdriverClick: true, pageLoadStrategy: normal, platform: XP, platformName: XP, platformVersion: 10.0, rotatable: false, timeouts: {implicit: 0, pageLoad: 300000, script: 30000}}
Session ID: 5beb595d-ed7b-4744-8211-0873cbd0c3b4">
      <![CDATA[org.openqa.selenium.ElementClickInterceptedException: Element <a href="/us/en/help-center/get-started-with-ups.page"> is not clickable at point (189.78333282470703,208.5500030517578) because another element <div id="uz_bg" class="uz_bg_transparent"> obscures it
Build info: version: '3.7.1', revision: '8a0099a', time: '2017-11-06T21:01:39.354Z'
System info: host: 'DESKTOP-GGT5FFC', ip: '192.168.0.3', os.name: 'Windows 10', os.arch: 'amd64', os.version: '10.0', java.version: '1.8.0_181'
Driver info: org.openqa.selenium.firefox.FirefoxDriver
Capabilities {acceptInsecureCerts: true, browserName: firefox, browserVersion: 62.0.2, javascriptEnabled: true, moz:accessibilityChecks: false, moz:headless: false, moz:processID: 1852, moz:profile: C:\Users\alokb\AppData\Loca..., moz:useNonSpecCompliantPointerOrigin: false, moz:webdriverClick: true, pageLoadStrategy: normal, platform: XP, platformName: XP, platformVersion: 10.0, rotatable: false, timeouts: {implicit: 0, pageLoad: 300000, script: 30000}}
Session ID: 5beb595d-ed7b-4744-8211-0873cbd0c3b4
	at sun.reflect.NativeConstructorAccessorImpl.newInstance0(Native Method)
	at sun.reflect.NativeConstructorAccessorImpl.newInstance(Unknown Source)
	at sun.reflect.DelegatingConstructorAccessorImpl.newInstance(Unknown Source)
	at java.lang.reflect.Constructor.newInstance(Unknown Source)
	at org.openqa.selenium.remote.http.W3CHttpResponseCodec.createException(W3CHttpResponseCodec.java:187)
	at org.openqa.selenium.remote.http.W3CHttpResponseCodec.decode(W3CHttpResponseCodec.java:122)
	at org.openqa.selenium.remote.http.W3CHttpResponseCodec.decode(W3CHttpResponseCodec.java:49)
	at org.openqa.selenium.remote.HttpCommandExecutor.execute(HttpCommandExecutor.java:164)
	at org.openqa.selenium.remote.service.DriverCommandExecutor.execute(DriverCommandExecutor.java:83)
	at org.openqa.selenium.remote.RemoteWebDriver.execute(RemoteWebDriver.java:600)
	at org.openqa.selenium.remote.RemoteWebElement.execute(RemoteWebElement.java:279)
	at org.openqa.selenium.remote.RemoteWebElement.click(RemoteWebElement.java:83)
	at com.bdtech.pageaction.HomePageAction.getStartWithUps(HomePageAction.java:81)
	at com.bdtech.upstests.HomePageTest.quickStartWithUpsTest(HomePageTest.java:46)
	at sun.reflect.NativeMethodAccessorImpl.invoke0(Native Method)
	at sun.reflect.NativeMethodAccessorImpl.invoke(Unknown Source)
	at sun.reflect.DelegatingMethodAccessorImpl.invoke(Unknown Source)
	at java.lang.reflect.Method.invoke(Unknown Source)
	at org.testng.internal.MethodInvocationHelper.invokeMethod(MethodInvocationHelper.java:104)
	at org.testng.internal.Invoker.invokeMethod(Invoker.java:645)
	at org.testng.internal.Invoker.invokeTestMethod(Invoker.java:851)
	at org.testng.internal.Invoker.invokeTestMethods(Invoker.java:1177)
	at org.testng.internal.TestMethodWorker.invokeTestMethods(TestMethodWorker.java:129)
	at org.testng.internal.TestMethodWorker.run(TestMethodWorker.java:112)
	at org.testng.TestRunner.privateRun(TestRunner.java:756)
	at org.testng.TestRunner.run(TestRunner.java:610)
	at org.testng.SuiteRunner.runTest(SuiteRunner.java:387)
	at org.testng.SuiteRunner.runSequentially(SuiteRunner.java:382)
	at org.testng.SuiteRunner.privateRun(SuiteRunner.java:340)
	at org.testng.SuiteRunner.run(SuiteRunner.java:289)
	at org.testng.SuiteRunnerWorker.runSuite(SuiteRunnerWorker.java:52)
	at org.testng.SuiteRunnerWorker.run(SuiteRunnerWorker.java:86)
	at org.testng.TestNG.runSuitesSequentially(TestNG.java:1293)
	at org.testng.TestNG.runSuitesLocally(TestNG.java:1218)
	at org.testng.TestNG.runSuites(TestNG.java:1133)
	at org.testng.TestNG.run(TestNG.java:1104)
	at org.testng.remote.AbstractRemoteTestNG.run(AbstractRemoteTestNG.java:114)
	at org.testng.remote.RemoteTestNG.initAndRun(RemoteTestNG.java:251)
	at org.testng.remote.RemoteTestNG.main(RemoteTestNG.java:77)
]]>
    </failure>
  </testcase> <!-- quickStartWithUpsTest -->
  <testcase name="errorMessageTest" time="0.0" classname="com.bdtech.upstests.HomePageTest">
    <ignored/>
  </testcase> <!-- errorMessageTest -->
  <testcase name="shippingTest" time="0.0" classname="com.bdtech.upstests.HomePageTest">
    <ignored/>
  </testcase> <!-- shippingTest -->
  <testcase name="getQuoteTest" time="0.0" classname="com.bdtech.upstests.HomePageTest">
    <ignored/>
  </testcase> <!-- getQuoteTest -->
  <testcase name="trackByTrackingNumberTest" time="0.0" classname="com.bdtech.upstests.HomePageTest">
    <ignored/>
  </testcase> <!-- trackByTrackingNumberTest -->
  <testcase name="loginTest" time="0.0" classname="com.bdtech.upstests.HomePageTest">
    <ignored/>
  </testcase> <!-- loginTest -->
  <testcase name="servicesTest" time="0.0" classname="com.bdtech.upstests.HomePageTest">
    <ignored/>
  </testcase> <!-- servicesTest -->
  <testcase name="LocationsTest" time="0.0" classname="com.bdtech.upstests.HomePageTest">
    <ignored/>
  </testcase> <!-- LocationsTest -->
  <testcase name="languageToggleTest" time="0.0" classname="com.bdtech.upstests.HomePageTest">
    <ignored/>
  </testcase> <!-- languageToggleTest -->
  <testcase name="myProfileTest" time="0.0" classname="com.bdtech.upstests.HomePageTest">
    <ignored/>
  </testcase> <!-- myProfileTest -->
  <testcase name="signUpTest" time="0.0" classname="com.bdtech.upstests.HomePageTest">
    <ignored/>
  </testcase> <!-- signUpTest -->
  <testcase name="getUPSMessageTest" time="0.0" classname="com.bdtech.upstests.HomePageTest">
    <ignored/>
  </testcase> <!-- getUPSMessageTest -->
  <testcase name="trackingtest" time="0.0" classname="com.bdtech.upstests.HomePageTest">
    <ignored/>
  </testcase> <!-- trackingtest -->
</testsuite> <!-- Default test -->
