<?xml version="1.0" encoding="UTF-8"?>
<!-- Generated by org.testng.reporters.JUnitReportReporter -->
<testsuite name="com.bdtech.upstests.HomePageTest" tests="1" time="14.317" ignored="12" failures="0" timestamp="01 Oct 2018 21:23:45 GMT" skipped="0" hostname="DESKTOP-GGT5FFC" errors="1">
  <testcase name="quickStartWithUpsTest" time="14.317" classname="com.bdtech.upstests.HomePageTest">
    <error type="org.openqa.selenium.ElementClickInterceptedException" message="Element &lt;a href=&quot;/us/en/help-center/get-started-with-ups.page&quot;&gt; is not clickable at point (189.78333282470703,208.5500030517578) because another element &lt;div id=&quot;uz_bg&quot; class=&quot;uz_bg_transparent&quot;&gt; obscures it
Build info: version: &#039;3.7.1&#039;, revision: &#039;8a0099a&#039;, time: &#039;2017-11-06T21:01:39.354Z&#039;
System info: host: &#039;DESKTOP-GGT5FFC&#039;, ip: &#039;192.168.0.3&#039;, os.name: &#039;Windows 10&#039;, os.arch: &#039;amd64&#039;, os.version: &#039;10.0&#039;, java.version: &#039;1.8.0_181&#039;
Driver info: org.openqa.selenium.firefox.FirefoxDriver
Capabilities {acceptInsecureCerts: true, browserName: firefox, browserVersion: 62.0.2, javascriptEnabled: true, moz:accessibilityChecks: false, moz:headless: false, moz:processID: 1852, moz:profile: C:\Users\alokb\AppData\Loca..., moz:useNonSpecCompliantPointerOrigin: false, moz:webdriverClick: true, pageLoadStrategy: normal, platform: XP, platformName: XP, platformVersion: 10.0, rotatable: false, timeouts: {implicit: 0, pageLoad: 300000, script: 30000}}
Session ID: 5beb595d-ed7b-4744-8211-0873cbd0c3b4">
      <![CDATA[org.openqa.selenium.ElementClickInterceptedException: Element <a href="/us/en/help-center/get-started-with-ups.page"> is not clickable at point (189.78333282470703,208.5500030517578) because another element <div id="uz_bg" class="uz_bg_transparent"> obscures it
Build info: version: '3.7.1', revision: '8a0099a', time: '2017-11-06T21:01:39.354Z'
System info: host: 'DESKTOP-GGT5FFC', ip: '192.168.0.3', os.name: 'Windows 10', os.arch: 'amd64', os.version: '10.0', java.version: '1.8.0_181'
Driver info: org.openqa.selenium.firefox.FirefoxDriver
Capabilities {acceptInsecureCerts: true, browserName: firefox, browserVersion: 62.0.2, javascriptEnabled: true, moz:accessibilityChecks: false, moz:headless: false, moz:processID: 1852, moz:profile: C:\Users\alokb\AppData\Loca..., moz:useNonSpecCompliantPointerOrigin: false, moz:webdriverClick: true, pageLoadStrategy: normal, platform: XP, platformName: XP, platformVersion: 10.0, rotatable: false, timeouts: {implicit: 0, pageLoad: 300000, script: 30000}}
Session ID: 5beb595d-ed7b-4744-8211-0873cbd0c3b4
	at sun.reflect.NativeConstructorAccessorImpl.newInstance0(Native Method)
	at sun.reflect.NativeConstructorAccessorImpl.newInstance(Unknown Source)
	at sun.reflect.DelegatingConstructorAccessorImpl.newInstance(Unknown Source)
	at java.lang.reflect.Constructor.newInstance(Unknown Source)
	at org.openqa.selenium.remote.http.W3CHttpResponseCodec.createException(W3CHttpResponseCodec.java:187)
	at org.openqa.selenium.remote.http.W3CHttpResponseCodec.decode(W3CHttpResponseCodec.java:122)
	at org.openqa.selenium.remote.http.W3CHttpResponseCodec.decode(W3CHttpResponseCodec.java:49)
	at org.openqa.selenium.remote.HttpCommandExecutor.execute(HttpCommandExecutor.java:164)
	at org.openqa.selenium.remote.service.DriverCommandExecutor.execute(DriverCommandExecutor.java:83)
	at org.openqa.selenium.remote.RemoteWebDriver.execute(RemoteWebDriver.java:600)
	at org.openqa.selenium.remote.RemoteWebElement.execute(RemoteWebElement.java:279)
	at org.openqa.selenium.remote.RemoteWebElement.click(RemoteWebElement.java:83)
	at com.bdtech.pageaction.HomePageAction.getStartWithUps(HomePageAction.java:81)
	at com.bdtech.upstests.HomePageTest.quickStartWithUpsTest(HomePageTest.java:46)
	at sun.reflect.NativeMethodAccessorImpl.invoke0(Native Method)
	at sun.reflect.NativeMethodAccessorImpl.invoke(Unknown Source)
	at sun.reflect.DelegatingMethodAccessorImpl.invoke(Unknown Source)
	at java.lang.reflect.Method.invoke(Unknown Source)
	at org.testng.internal.MethodInvocationHelper.invokeMethod(MethodInvocationHelper.java:104)
	at org.testng.internal.Invoker.invokeMethod(Invoker.java:645)
	at org.testng.internal.Invoker.invokeTestMethod(Invoker.java:851)
	at org.testng.internal.Invoker.invokeTestMethods(Invoker.java:1177)
	at org.testng.internal.TestMethodWorker.invokeTestMethods(TestMethodWorker.java:129)
	at org.testng.internal.TestMethodWorker.run(TestMethodWorker.java:112)
	at org.testng.TestRunner.privateRun(TestRunner.java:756)
	at org.testng.TestRunner.run(TestRunner.java:610)
	at org.testng.SuiteRunner.runTest(SuiteRunner.java:387)
	at org.testng.SuiteRunner.runSequentially(SuiteRunner.java:382)
	at org.testng.SuiteRunner.privateRun(SuiteRunner.java:340)
	at org.testng.SuiteRunner.run(SuiteRunner.java:289)
	at org.testng.SuiteRunnerWorker.runSuite(SuiteRunnerWorker.java:52)
	at org.testng.SuiteRunnerWorker.run(SuiteRunnerWorker.java:86)
	at org.testng.TestNG.runSuitesSequentially(TestNG.java:1293)
	at org.testng.TestNG.runSuitesLocally(TestNG.java:1218)
	at org.testng.TestNG.runSuites(TestNG.java:1133)
	at org.testng.TestNG.run(TestNG.java:1104)
	at org.testng.remote.AbstractRemoteTestNG.run(AbstractRemoteTestNG.java:114)
	at org.testng.remote.RemoteTestNG.initAndRun(RemoteTestNG.java:251)
	at org.testng.remote.RemoteTestNG.main(RemoteTestNG.java:77)
]]>
    </error>
  </testcase> <!-- quickStartWithUpsTest -->
  <testcase name="errorMessageTest" classname="com.bdtech.upstests.HomePageTest">
    <skipped/>
  </testcase> <!-- errorMessageTest -->
  <testcase name="shippingTest" classname="com.bdtech.upstests.HomePageTest">
    <skipped/>
  </testcase> <!-- shippingTest -->
  <testcase name="getQuoteTest" classname="com.bdtech.upstests.HomePageTest">
    <skipped/>
  </testcase> <!-- getQuoteTest -->
  <testcase name="trackByTrackingNumberTest" classname="com.bdtech.upstests.HomePageTest">
    <skipped/>
  </testcase> <!-- trackByTrackingNumberTest -->
  <testcase name="loginTest" classname="com.bdtech.upstests.HomePageTest">
    <skipped/>
  </testcase> <!-- loginTest -->
  <testcase name="servicesTest" classname="com.bdtech.upstests.HomePageTest">
    <skipped/>
  </testcase> <!-- servicesTest -->
  <testcase name="LocationsTest" classname="com.bdtech.upstests.HomePageTest">
    <skipped/>
  </testcase> <!-- LocationsTest -->
  <testcase name="languageToggleTest" classname="com.bdtech.upstests.HomePageTest">
    <skipped/>
  </testcase> <!-- languageToggleTest -->
  <testcase name="myProfileTest" classname="com.bdtech.upstests.HomePageTest">
    <skipped/>
  </testcase> <!-- myProfileTest -->
  <testcase name="signUpTest" classname="com.bdtech.upstests.HomePageTest">
    <skipped/>
  </testcase> <!-- signUpTest -->
  <testcase name="getUPSMessageTest" classname="com.bdtech.upstests.HomePageTest">
    <skipped/>
  </testcase> <!-- getUPSMessageTest -->
  <testcase name="trackingtest" classname="com.bdtech.upstests.HomePageTest">
    <skipped/>
  </testcase> <!-- trackingtest -->
</testsuite> <!-- com.bdtech.upstests.HomePageTest -->
